<?xml version="1.0" encoding="UTF-8"?>
<!-- Generated by org.testng.reporters.JUnitXMLReporter -->
<testsuite hostname="EGY-MMAHRAN-NB3" name="login tests Browser Chrome" tests="1" failures="0" timestamp="21 Feb 2020 18:02:18 GMT" time="0.015" errors="0">
  <testcase name="@AfterTest teardown" time="0.0" classname="automationPracticeTests.LoginTests">
    <failure type="java.lang.IllegalArgumentException" message="wrong number of arguments">
      <![CDATA[java.lang.IllegalArgumentException: wrong number of arguments
	at java.util.concurrent.FutureTask.run(FutureTask.java:266)
	at java.util.concurrent.ThreadPoolExecutor.runWorker(ThreadPoolExecutor.java:1149)
	at java.util.concurrent.ThreadPoolExecutor$Worker.run(ThreadPoolExecutor.java:624)
	at java.lang.Thread.run(Thread.java:748)
... Removed 14 stack frames]]>
    </failure>
  </testcase> <!-- @AfterTest teardown -->
  <testcase name="validateValidLogin" time="0.002" classname="automationPracticeTests.LoginTests"/>
</testsuite> <!-- login tests Browser Chrome -->
