<?xml version="1.0" encoding="UTF-8"?>
<!-- Generated by org.testng.reporters.JUnitXMLReporter -->
<testsuite hostname="EGY-MMAHRAN-NB3" name="Test" tests="3" failures="1" timestamp="21 Feb 2020 02:49:34 GMT" time="72.087" errors="0">
  <testcase name="validateCheckoutProcess" time="20.974" classname="automationPracticeTests.CheckOutTests"/>
  <testcase name="validateNewAccount" time="8.64" classname="automationPracticeTests.RegistrationTests"/>
  <testcase name="validateValidLogin" time="3.929" classname="automationPracticeTests.LoginTests">
    <failure type="java.lang.AssertionError" message="expected [Joe Black] but found [Joe Black1]">
      <![CDATA[java.lang.AssertionError: expected [Joe Black] but found [Joe Black1]
	at automationPracticeTests.LoginTests.validateValidLogin(LoginTests.java:40)
... Removed 31 stack frames]]>
    </failure>
  </testcase> <!-- validateValidLogin -->
</testsuite> <!-- Test -->
